[0m20:07:47.516329 [debug] [MainThread]: Sending event: {'category': 'dbt', 'action': 'invocation', 'label': 'start', 'context': [<snowplow_tracker.self_describing_json.SelfDescribingJson object at 0x000001C3998A0980>, <snowplow_tracker.self_describing_json.SelfDescribingJson object at 0x000001C3970DCB90>, <snowplow_tracker.self_describing_json.SelfDescribingJson object at 0x000001C39BB1B9D0>]}


============================== 20:07:47.528619 | a56d9ca4-3db2-4503-a575-79b454aaf44d ==============================
[0m20:07:47.528619 [info ] [MainThread]: Running with dbt=1.12.0-b1
[0m20:07:47.530352 [debug] [MainThread]: running dbt with arguments {'version_check': 'True', 'no_print': 'None', 'static_parser': 'True', 'warn_error_options': 'WarnErrorOptionsV2(error=[], warn=[], silence=[])', 'target_path': 'None', 'printer_width': '80', 'write_json': 'True', 'introspect': 'True', 'log_cache_events': 'False', 'empty': 'None', 'cache_selected_only': 'False', 'fail_fast': 'False', 'debug': 'False', 'log_format': 'default', 'profiles_dir': 'C:\\Users\\filrd\\.dbt', 'send_anonymous_usage_stats': 'True', 'quiet': 'False', 'warn_error': 'None', 'partial_parse': 'True', 'use_colors': 'True', 'indirect_selection': 'eager', 'invocation_command': 'dbt init dbt_transformation', 'use_experimental_parser': 'False', 'log_path': 'logs'}
[0m20:07:47.606356 [info ] [MainThread]: Creating dbt configuration folder at C:\Users\filrd\.dbt
[0m20:07:47.614774 [debug] [MainThread]: Starter project path: c:\Users\filrd\OneDrive\Documentos\Projetos\projeto_footdata\venv\Lib\site-packages\dbt\include\starter_project
[0m20:07:47.700382 [info ] [MainThread]: Setting up your profile.
[0m20:15:46.481726 [info ] [MainThread]: Profile dbt_transformation written to C:\Users\filrd\.dbt\profiles.yml using target's profile_template.yml and your supplied values.
[0m20:15:46.660332 [info ] [MainThread]: Running dbt debug to validate the project...
[0m20:15:46.683160 [info ] [MainThread]: dbt version: 1.12.0-b1
[0m20:15:46.687886 [info ] [MainThread]: python version: 3.14.3
[0m20:15:46.691319 [info ] [MainThread]: python path: c:\Users\filrd\OneDrive\Documentos\Projetos\projeto_footdata\venv\Scripts\python.exe
[0m20:15:46.695274 [info ] [MainThread]: os info: Windows-11-10.0.26200-SP0
[0m20:15:47.149955 [info ] [MainThread]: Using profiles dir at C:\Users\filrd\.dbt
[0m20:15:47.151507 [info ] [MainThread]: Using profiles.yml file at C:\Users\filrd\.dbt\profiles.yml
[0m20:15:47.153021 [info ] [MainThread]: Using dbt_project.yml file at C:\Users\filrd\OneDrive\Documentos\Projetos\projeto_footdata\dbt_transformation\dbt_project.yml
[0m20:15:47.158240 [info ] [MainThread]: adapter type: postgres
[0m20:15:47.159365 [info ] [MainThread]: adapter version: 1.10.0
[0m20:15:47.633153 [info ] [MainThread]: Configuration:
[0m20:15:47.636383 [info ] [MainThread]:   profiles.yml file [[32mOK found and valid[0m]
[0m20:15:47.638860 [info ] [MainThread]:   dbt_project.yml file [[32mOK found and valid[0m]
[0m20:15:47.640740 [info ] [MainThread]: Required dependencies:
[0m20:15:47.644765 [debug] [MainThread]: Executing "git --help"
[0m20:15:47.855252 [debug] [MainThread]: STDOUT: "b"usage: git [-v | --version] [-h | --help] [-C <path>] [-c <name>=<value>]\n           [--exec-path[=<path>]] [--html-path] [--man-path] [--info-path]\n           [-p | --paginate | -P | --no-pager] [--no-replace-objects] [--bare]\n           [--git-dir=<path>] [--work-tree=<path>] [--namespace=<name>]\n           [--config-env=<name>=<envvar>] <command> [<args>]\n\nThese are common Git commands used in various situations:\n\nstart a working area (see also: git help tutorial)\n   clone     Clone a repository into a new directory\n   init      Create an empty Git repository or reinitialize an existing one\n\nwork on the current change (see also: git help everyday)\n   add       Add file contents to the index\n   mv        Move or rename a file, a directory, or a symlink\n   restore   Restore working tree files\n   rm        Remove files from the working tree and from the index\n\nexamine the history and state (see also: git help revisions)\n   bisect    Use binary search to find the commit that introduced a bug\n   diff      Show changes between commits, commit and working tree, etc\n   grep      Print lines matching a pattern\n   log       Show commit logs\n   show      Show various types of objects\n   status    Show the working tree status\n\ngrow, mark and tweak your common history\n   branch    List, create, or delete branches\n   commit    Record changes to the repository\n   merge     Join two or more development histories together\n   rebase    Reapply commits on top of another base tip\n   reset     Reset current HEAD to the specified state\n   switch    Switch branches\n   tag       Create, list, delete or verify a tag object signed with GPG\n\ncollaborate (see also: git help workflows)\n   fetch     Download objects and refs from another repository\n   pull      Fetch from and integrate with another repository or a local branch\n   push      Update remote refs along with associated objects\n\n'git help -a' and 'git help -g' list available subcommands and some\nconcept guides. See 'git help <command>' or 'git help <concept>'\nto read about a specific subcommand or concept.\nSee 'git help git' for an overview of the system.\n""
[0m20:15:47.857429 [debug] [MainThread]: STDERR: "b''"
[0m20:15:47.859182 [info ] [MainThread]:  - git [[32mOK found[0m]

[0m20:15:47.860299 [info ] [MainThread]: Connection:
[0m20:15:47.861547 [info ] [MainThread]:   host: localhost
[0m20:15:47.862687 [info ] [MainThread]:   port: 5432
[0m20:15:47.863720 [info ] [MainThread]:   user: postgres
[0m20:15:47.864810 [info ] [MainThread]:   database: footdata_dw
[0m20:15:47.866300 [info ] [MainThread]:   schema: public
[0m20:15:47.867592 [info ] [MainThread]:   connect_timeout: 10
[0m20:15:47.868585 [info ] [MainThread]:   role: None
[0m20:15:47.869574 [info ] [MainThread]:   search_path: None
[0m20:15:47.870782 [info ] [MainThread]:   keepalives_idle: 0
[0m20:15:47.872465 [info ] [MainThread]:   sslmode: None
[0m20:15:47.874154 [info ] [MainThread]:   sslcert: None
[0m20:15:47.876374 [info ] [MainThread]:   sslkey: None
[0m20:15:47.878565 [info ] [MainThread]:   sslrootcert: None
[0m20:15:47.880643 [info ] [MainThread]:   application_name: dbt
[0m20:15:47.882101 [info ] [MainThread]:   retries: 1
[0m20:15:47.887276 [info ] [MainThread]: Registered adapter: postgres=1.10.0
[0m20:15:49.696506 [debug] [MainThread]: Acquiring new postgres connection 'debug'
[0m20:15:54.243109 [debug] [MainThread]: Using postgres connection "debug"
[0m20:15:54.244732 [debug] [MainThread]: On debug: select 1 as id
[0m20:15:54.246261 [debug] [MainThread]: Opening a new connection, currently in state init
[0m20:15:54.507755 [debug] [MainThread]: SQL status: SELECT 1 in 0.261 seconds
[0m20:15:54.511934 [debug] [MainThread]: On debug: Close
[0m20:15:54.513534 [info ] [MainThread]:   Connection test: [[32mOK connection ok[0m]

[0m20:15:54.515014 [info ] [MainThread]: [32mAll checks passed![0m
[0m20:15:54.519298 [info ] [MainThread]: Your new dbt project "dbt_transformation" was created!
Initialized new project in C:\Users\filrd\OneDrive\Documentos\Projetos\projeto_footdata\dbt_transformation\dbt_transformation

For more information on how to configure the profiles.yml file,
please consult the dbt documentation here:

  https://docs.getdbt.com/docs/configure-your-profile

One more thing:

Need help? Don't hesitate to reach out to us via GitHub issues or on Slack:

  https://community.getdbt.com/

Happy modeling!

[0m20:15:54.526604 [debug] [MainThread]: Command `dbt init` succeeded at 20:15:54.524707 after 487.46 seconds
[0m20:15:54.528054 [debug] [MainThread]: Connection 'debug' was properly closed.
[0m20:15:54.531109 [debug] [MainThread]: Sending event: {'category': 'dbt', 'action': 'invocation', 'label': 'end', 'context': [<snowplow_tracker.self_describing_json.SelfDescribingJson object at 0x000001C39BBBC2B0>, <snowplow_tracker.self_describing_json.SelfDescribingJson object at 0x000001C39BC8D6D0>, <snowplow_tracker.self_describing_json.SelfDescribingJson object at 0x000001C399504490>]}
[0m20:15:54.534131 [debug] [MainThread]: Flushing usage events
[0m20:15:57.390552 [debug] [MainThread]: An error was encountered while trying to flush usage events
[0m20:53:57.846269 [debug] [MainThread]: Sending event: {'category': 'dbt', 'action': 'invocation', 'label': 'start', 'context': [<snowplow_tracker.self_describing_json.SelfDescribingJson object at 0x000001F7ECE03CB0>, <snowplow_tracker.self_describing_json.SelfDescribingJson object at 0x000001F7EA710A50>, <snowplow_tracker.self_describing_json.SelfDescribingJson object at 0x000001F7EF17B890>]}


============================== 20:53:57.859294 | ee22f98f-59d7-48f3-b251-6b51de2ced70 ==============================
[0m20:53:57.859294 [info ] [MainThread]: Running with dbt=1.12.0-b1
[0m20:53:57.861224 [debug] [MainThread]: running dbt with arguments {'static_parser': 'True', 'no_print': 'None', 'version_check': 'True', 'target_path': 'None', 'warn_error_options': 'WarnErrorOptionsV2(error=[], warn=[], silence=[])', 'printer_width': '80', 'write_json': 'True', 'empty': 'False', 'log_cache_events': 'False', 'introspect': 'True', 'cache_selected_only': 'False', 'log_format': 'default', 'debug': 'False', 'fail_fast': 'False', 'partial_parse': 'True', 'send_anonymous_usage_stats': 'True', 'quiet': 'False', 'warn_error': 'None', 'profiles_dir': 'C:\\Users\\filrd\\.dbt', 'indirect_selection': 'eager', 'use_colors': 'True', 'invocation_command': 'dbt run --select stg_brasileirao_partidas', 'use_experimental_parser': 'False', 'log_path': 'logs'}
[0m20:53:57.862842 [error] [MainThread]: [[31mERROR[0m]: Encountered an error:
Runtime Error
  No dbt_project.yml found at expected path C:\Users\filrd\OneDrive\Documentos\Projetos\projeto_footdata\dbt_project.yml
  Verify that each entry within packages.yml (and their transitive dependencies) contains a file named dbt_project.yml
  
[0m20:53:57.866388 [debug] [MainThread]: Command `dbt run` failed at 20:53:57.866063 after 0.45 seconds
[0m20:53:57.867691 [debug] [MainThread]: Sending event: {'category': 'dbt', 'action': 'invocation', 'label': 'end', 'context': [<snowplow_tracker.self_describing_json.SelfDescribingJson object at 0x000001F7EEFDAB10>, <snowplow_tracker.self_describing_json.SelfDescribingJson object at 0x000001F7EF116450>, <snowplow_tracker.self_describing_json.SelfDescribingJson object at 0x000001F7EF1379B0>]}
[0m20:53:57.869033 [debug] [MainThread]: Flushing usage events
[0m20:53:59.386981 [debug] [MainThread]: An error was encountered while trying to flush usage events
